mode: set
github.com/cerdore/cdb/compaction/compactor.go:27.81,29.2 1 1
github.com/cerdore/cdb/compaction/compactor.go:31.37,33.43 1 1
github.com/cerdore/cdb/compaction/compactor.go:50.2,50.12 1 1
github.com/cerdore/cdb/compaction/compactor.go:33.43,34.53 1 1
github.com/cerdore/cdb/compaction/compactor.go:34.53,36.4 1 0
github.com/cerdore/cdb/compaction/compactor.go:36.9,36.21 1 1
github.com/cerdore/cdb/compaction/compactor.go:36.21,40.18 3 1
github.com/cerdore/cdb/compaction/compactor.go:44.4,44.57 1 1
github.com/cerdore/cdb/compaction/compactor.go:40.18,42.5 1 0
github.com/cerdore/cdb/compaction/compactor.go:44.57,46.5 1 0
github.com/cerdore/cdb/compaction/compactor.go:53.60,54.16 1 1
github.com/cerdore/cdb/compaction/compactor.go:58.2,59.16 2 1
github.com/cerdore/cdb/compaction/compactor.go:63.2,63.19 1 1
github.com/cerdore/cdb/compaction/compactor.go:54.16,56.3 1 1
github.com/cerdore/cdb/compaction/compactor.go:59.16,61.3 1 0
github.com/cerdore/cdb/compaction/compactor.go:66.71,68.58 2 1
github.com/cerdore/cdb/compaction/compactor.go:78.2,78.67 1 1
github.com/cerdore/cdb/compaction/compactor.go:68.58,70.17 2 1
github.com/cerdore/cdb/compaction/compactor.go:74.3,74.23 1 1
github.com/cerdore/cdb/compaction/compactor.go:70.17,72.4 1 0
github.com/cerdore/cdb/compaction/compactor.go:81.76,84.23 3 1
github.com/cerdore/cdb/compaction/compactor.go:88.2,88.16 1 1
github.com/cerdore/cdb/compaction/compactor.go:96.2,98.31 3 1
github.com/cerdore/cdb/compaction/compactor.go:114.2,118.59 2 1
github.com/cerdore/cdb/compaction/compactor.go:124.2,124.19 1 1
github.com/cerdore/cdb/compaction/compactor.go:84.23,86.3 1 0
github.com/cerdore/cdb/compaction/compactor.go:88.16,90.3 1 1
github.com/cerdore/cdb/compaction/compactor.go:90.8,92.3 1 0
github.com/cerdore/cdb/compaction/compactor.go:98.31,99.22 1 1
github.com/cerdore/cdb/compaction/compactor.go:105.3,105.46 1 1
github.com/cerdore/cdb/compaction/compactor.go:109.3,109.42 1 1
github.com/cerdore/cdb/compaction/compactor.go:99.22,102.12 3 1
github.com/cerdore/cdb/compaction/compactor.go:105.46,107.4 1 0
github.com/cerdore/cdb/compaction/compactor.go:109.42,111.4 1 1
github.com/cerdore/cdb/compaction/compactor.go:118.59,119.77 1 1
github.com/cerdore/cdb/compaction/compactor.go:119.77,121.4 1 1
github.com/cerdore/cdb/compaction/compactor.go:127.93,129.2 1 1
github.com/cerdore/cdb/compaction/compactor.go:131.100,132.28 1 1
github.com/cerdore/cdb/compaction/compactor.go:139.2,139.28 1 1
github.com/cerdore/cdb/compaction/compactor.go:146.2,146.12 1 1
github.com/cerdore/cdb/compaction/compactor.go:132.28,134.17 2 1
github.com/cerdore/cdb/compaction/compactor.go:134.17,136.4 1 0
github.com/cerdore/cdb/compaction/compactor.go:139.28,141.17 2 1
github.com/cerdore/cdb/compaction/compactor.go:141.17,143.4 1 0
