mode: set
github.com/cerdore/cdb/manifest/manifest.go:35.46,37.2 1 1
github.com/cerdore/cdb/manifest/manifest.go:39.64,41.2 1 1
github.com/cerdore/cdb/manifest/manifest.go:43.74,46.2 1 1
github.com/cerdore/cdb/manifest/manifest.go:48.73,51.16 3 1
github.com/cerdore/cdb/manifest/manifest.go:57.2,61.16 4 1
github.com/cerdore/cdb/manifest/manifest.go:65.2,67.6 2 1
github.com/cerdore/cdb/manifest/manifest.go:96.2,96.21 1 1
github.com/cerdore/cdb/manifest/manifest.go:51.16,53.3 1 0
github.com/cerdore/cdb/manifest/manifest.go:53.8,53.30 1 1
github.com/cerdore/cdb/manifest/manifest.go:53.30,55.3 1 0
github.com/cerdore/cdb/manifest/manifest.go:61.16,63.3 1 0
github.com/cerdore/cdb/manifest/manifest.go:67.6,69.47 2 1
github.com/cerdore/cdb/manifest/manifest.go:78.3,81.57 3 1
github.com/cerdore/cdb/manifest/manifest.go:88.3,89.17 2 1
github.com/cerdore/cdb/manifest/manifest.go:93.3,93.22 1 1
github.com/cerdore/cdb/manifest/manifest.go:69.47,70.9 1 1
github.com/cerdore/cdb/manifest/manifest.go:71.9,71.28 1 1
github.com/cerdore/cdb/manifest/manifest.go:71.28,74.4 1 0
github.com/cerdore/cdb/manifest/manifest.go:74.9,74.24 1 1
github.com/cerdore/cdb/manifest/manifest.go:74.24,76.4 1 0
github.com/cerdore/cdb/manifest/manifest.go:81.57,84.4 1 0
github.com/cerdore/cdb/manifest/manifest.go:84.9,84.24 1 1
github.com/cerdore/cdb/manifest/manifest.go:84.24,86.4 1 0
github.com/cerdore/cdb/manifest/manifest.go:89.17,91.4 1 0
github.com/cerdore/cdb/manifest/manifest.go:99.49,101.16 2 1
github.com/cerdore/cdb/manifest/manifest.go:105.2,105.65 1 1
github.com/cerdore/cdb/manifest/manifest.go:112.2,114.12 2 1
github.com/cerdore/cdb/manifest/manifest.go:101.16,103.3 1 0
github.com/cerdore/cdb/manifest/manifest.go:105.65,108.3 1 0
github.com/cerdore/cdb/manifest/manifest.go:108.8,108.23 1 1
github.com/cerdore/cdb/manifest/manifest.go:108.23,110.3 1 0
github.com/cerdore/cdb/manifest/manifest.go:118.68,120.2 1 1
github.com/cerdore/cdb/manifest/manifest.go:122.33,124.2 1 0
github.com/cerdore/cdb/manifest/manifest.go:126.45,128.20 2 1
github.com/cerdore/cdb/manifest/manifest.go:128.20,130.3 1 1
github.com/cerdore/cdb/manifest/manifest.go:130.8,134.31 3 1
github.com/cerdore/cdb/manifest/manifest.go:140.3,140.16 1 1
github.com/cerdore/cdb/manifest/manifest.go:143.3,143.82 1 1
github.com/cerdore/cdb/manifest/manifest.go:134.31,135.45 1 1
github.com/cerdore/cdb/manifest/manifest.go:135.45,137.10 2 1
github.com/cerdore/cdb/manifest/manifest.go:140.16,142.4 1 0
github.com/cerdore/cdb/manifest/codec.go:14.59,21.79 3 1
github.com/cerdore/cdb/manifest/codec.go:25.2,25.83 1 1
github.com/cerdore/cdb/manifest/codec.go:29.2,29.87 1 1
github.com/cerdore/cdb/manifest/codec.go:33.2,33.79 1 1
github.com/cerdore/cdb/manifest/codec.go:37.2,37.77 1 1
github.com/cerdore/cdb/manifest/codec.go:41.2,41.75 1 1
github.com/cerdore/cdb/manifest/codec.go:45.2,45.76 1 1
github.com/cerdore/cdb/manifest/codec.go:49.2,49.25 1 1
github.com/cerdore/cdb/manifest/codec.go:21.79,23.3 1 0
github.com/cerdore/cdb/manifest/codec.go:25.83,27.3 1 0
github.com/cerdore/cdb/manifest/codec.go:29.87,31.3 1 0
github.com/cerdore/cdb/manifest/codec.go:33.79,35.3 1 0
github.com/cerdore/cdb/manifest/codec.go:37.77,39.3 1 0
github.com/cerdore/cdb/manifest/codec.go:41.75,43.3 1 0
github.com/cerdore/cdb/manifest/codec.go:45.76,47.3 1 0
github.com/cerdore/cdb/manifest/codec.go:52.75,55.19 2 1
github.com/cerdore/cdb/manifest/codec.go:69.2,69.45 1 1
github.com/cerdore/cdb/manifest/codec.go:75.2,75.12 1 1
github.com/cerdore/cdb/manifest/codec.go:55.19,57.70 2 1
github.com/cerdore/cdb/manifest/codec.go:60.3,60.25 1 1
github.com/cerdore/cdb/manifest/codec.go:57.70,59.4 1 0
github.com/cerdore/cdb/manifest/codec.go:61.8,63.70 2 1
github.com/cerdore/cdb/manifest/codec.go:66.3,66.25 1 1
github.com/cerdore/cdb/manifest/codec.go:63.70,65.4 1 0
github.com/cerdore/cdb/manifest/codec.go:69.45,71.3 1 0
github.com/cerdore/cdb/manifest/codec.go:71.8,71.23 1 1
github.com/cerdore/cdb/manifest/codec.go:71.23,73.3 1 0
github.com/cerdore/cdb/manifest/codec.go:79.58,83.70 3 1
github.com/cerdore/cdb/manifest/codec.go:87.2,88.16 2 1
github.com/cerdore/cdb/manifest/codec.go:92.2,93.16 2 1
github.com/cerdore/cdb/manifest/codec.go:97.2,98.16 2 1
github.com/cerdore/cdb/manifest/codec.go:102.2,103.16 2 1
github.com/cerdore/cdb/manifest/codec.go:107.2,108.72 2 1
github.com/cerdore/cdb/manifest/codec.go:112.2,121.8 1 1
github.com/cerdore/cdb/manifest/codec.go:83.70,85.3 1 0
github.com/cerdore/cdb/manifest/codec.go:88.16,90.3 1 0
github.com/cerdore/cdb/manifest/codec.go:93.16,95.3 1 0
github.com/cerdore/cdb/manifest/codec.go:98.16,100.3 1 0
github.com/cerdore/cdb/manifest/codec.go:103.16,105.3 1 0
github.com/cerdore/cdb/manifest/codec.go:108.72,110.3 1 0
github.com/cerdore/cdb/manifest/codec.go:124.79,127.19 2 1
github.com/cerdore/cdb/manifest/codec.go:141.2,142.53 2 1
github.com/cerdore/cdb/manifest/codec.go:146.2,146.18 1 1
github.com/cerdore/cdb/manifest/codec.go:127.19,129.73 2 1
github.com/cerdore/cdb/manifest/codec.go:132.3,132.25 1 1
github.com/cerdore/cdb/manifest/codec.go:129.73,131.4 1 0
github.com/cerdore/cdb/manifest/codec.go:133.8,135.73 2 1
github.com/cerdore/cdb/manifest/codec.go:138.3,138.25 1 1
github.com/cerdore/cdb/manifest/codec.go:135.73,137.4 1 0
github.com/cerdore/cdb/manifest/codec.go:142.53,144.3 1 0
